bash
bzip2
clang
clang-tools-extra
cmake
coreutils
cracklib-dicts
ctags
dnf
fedora-release-container
fedora-repos-modular
ffmpeg
gh
git
git-lfs
glibc-minimal-langpack
hashcat
hydra
iproute
iputils
iverilog
john
libicu
libxcrypt-compat
lynis
man-db
man-pages
metasploit-framework
ncurses
neovim
nikto
nmap
nodejs
pass
passwd
pinentry
postgresql-server
powerline-fonts
procps-ng
python-unversioned-command
python2.7
python3-neovim
python3-pip
ripgrep
rootfiles
rpm
rpmfusion-free-release
rpmfusion-nonfree-release
rsync
rubygem-bigdecimal
rubygem-bundler
rubygem-i18n
rubygem-irb
rubygem-rake
rubygems
sudo
tar
tmux
unzip
util-linux-core
util-linux-user
vim-minimal
wget
which
yum
zsh
